#
# A fatal error has been detected by the Java Runtime Environment:
#
#  EXCEPTION_ACCESS_VIOLATION (0xc0000005) at pc=0x000000006ee34c0e, pid=13304, tid=0x0000000000002c14
#
# JRE version: Java(TM) SE Runtime Environment (8.0_161-b12) (build 1.8.0_161-b12)
# Java VM: Java HotSpot(TM) 64-Bit Server VM (25.161-b12 mixed mode windows-amd64 compressed oops)
# Problematic frame:
# V  [jvm.dll+0x114c0e]
#
# Failed to write core dump. Minidumps are not enabled by default on client versions of Windows
#
# If you would like to submit a bug report, please visit:
#   http://bugreport.java.com/bugreport/crash.jsp
#

---------------  T H R E A D  ---------------

Current thread (0x00000000044a9000):  GCTaskThread [stack: 0x0000000013dc0000,0x0000000013ec0000] [id=11284]

siginfo: ExceptionCode=0xc0000005, reading address 0x00000000000000e8

Registers:
RAX=0x0000000000000000, RBX=0x00000000e2820de8, RCX=0x00000001000a3008, RDX=0x00000000e2820de8
RSP=0x0000000013ebf580, RBP=0x00000000e28234a8, RSI=0x00000000169a4fb0, RDI=0x00000000169a4fb0
R8 =0x00000001000a3008, R9 =0x0000000000000000, R10=0x000000000000000c, R11=0x000000006f3230a8
R12=0x00000000e28234ac, R13=0x000000010007c030, R14=0x000000010007c038, R15=0x00000000e2823490
RIP=0x000000006ee34c0e, EFLAGS=0x0000000000010246

Top of Stack: (sp=0x0000000013ebf580)
0x0000000013ebf580:   000000010007bdd8 00000000e2823470
0x0000000013ebf590:   00000000169a4fb0 000000006ef3d8b2
0x0000000013ebf5a0:   0000000000000000 00000000044a96b0
0x0000000013ebf5b0:   00000000044a3280 00000000169a4fb0
0x0000000013ebf5c0:   000000000000094c 000000006f118990
0x0000000013ebf5d0:   00000000169a4fb0 0000000013ebf6e9
0x0000000013ebf5e0:   00000000169a4fb0 000000006f376dc8
0x0000000013ebf5f0:   0000000016f1a4c8 0000000013ebf6a0
0x0000000013ebf600:   00000000180c0d30 0000000000000004
0x0000000013ebf610:   00000000169a4fb0 000000006ee33222
0x0000000013ebf620:   00000000d47d5218 0000000000000000
0x0000000013ebf630:   0000000000000000 00000000044a3280
0x0000000013ebf640:   00000000044a96c0 00000000044a96b0
0x0000000013ebf650:   000000006f376dc8 00000000169a4fb0
0x0000000013ebf660:   0000000000000000 0000000013ebf6e9
0x0000000013ebf670:   0000000016935570 000000006f115be0 

Instructions: (pc=0x000000006ee34c0e)
0x000000006ee34bee:   48 ff c8 4c 8d 0c 10 48 f7 d0 49 c1 e9 03 48 c1
0x000000006ee34bfe:   e8 03 44 23 c8 eb 12 49 8b 00 48 8b d3 49 8b c8
0x000000006ee34c0e:   ff 90 e8 00 00 00 44 8b c8 49 63 f1 48 8d 0d 3f
0x000000006ee34c1e:   ac 70 00 48 8b d3 4c 8b c6 e8 d4 03 2e 00 84 c0 


Register to memory mapping:

RAX=0x0000000000000000 is an unknown value
RBX=
[error occurred during error reporting (printing register info), id 0xc0000005]

Stack: [0x0000000013dc0000,0x0000000013ec0000],  sp=0x0000000013ebf580,  free space=1021k
Native frames: (J=compiled Java code, j=interpreted, Vv=VM code, C=native code)
V  [jvm.dll+0x114c0e]
V  [jvm.dll+0x3f8990]
V  [jvm.dll+0x3f5be0]
V  [jvm.dll+0x3f380e]
V  [jvm.dll+0x29cc4a]
C  [msvcr100.dll+0x21d9f]
C  [msvcr100.dll+0x21e3b]
C  [KERNEL32.DLL+0x11fe4]
C  [ntdll.dll+0x6f061]


---------------  P R O C E S S  ---------------

Java Threads: ( => current thread )
  0x0000000018527800 JavaThread "pool-2-thread-4" [_thread_blocked, id=6332, stack(0x0000000018e50000,0x0000000018f50000)]
  0x0000000018524800 JavaThread "pool-2-thread-3" [_thread_blocked, id=2280, stack(0x0000000018d50000,0x0000000018e50000)]
  0x00000000182de000 JavaThread "pool-2-thread-2" [_thread_blocked, id=13084, stack(0x0000000018c50000,0x0000000018d50000)]
  0x00000000182db800 JavaThread "pool-3-thread-1" [_thread_blocked, id=11648, stack(0x0000000018b50000,0x0000000018c50000)]
  0x00000000180c7800 JavaThread "pool-2-thread-1" [_thread_blocked, id=1128, stack(0x0000000018a50000,0x0000000018b50000)]
  0x0000000016a8e800 JavaThread "Service Thread" daemon [_thread_blocked, id=316, stack(0x0000000017c50000,0x0000000017d50000)]
  0x0000000016a72000 JavaThread "C1 CompilerThread1" daemon [_thread_blocked, id=812, stack(0x0000000017b50000,0x0000000017c50000)]
  0x0000000016a19800 JavaThread "C2 CompilerThread0" daemon [_thread_blocked, id=11912, stack(0x0000000017a50000,0x0000000017b50000)]
  0x0000000016a18000 JavaThread "Attach Listener" daemon [_thread_blocked, id=12904, stack(0x0000000017950000,0x0000000017a50000)]
  0x000000000458e800 JavaThread "Signal Dispatcher" daemon [_thread_blocked, id=3040, stack(0x0000000017850000,0x0000000017950000)]
  0x0000000016a08800 JavaThread "Finalizer" daemon [_thread_blocked, id=8960, stack(0x0000000017660000,0x0000000017760000)]
  0x000000000457d800 JavaThread "Reference Handler" daemon [_thread_blocked, id=5300, stack(0x0000000017560000,0x0000000017660000)]
  0x000000000273e000 JavaThread "main" [_thread_blocked, id=13164, stack(0x0000000004390000,0x0000000004490000)]

Other Threads:
  0x00000000169e5800 VMThread [stack: 0x0000000017460000,0x0000000017560000] [id=12772]
  0x0000000016a90800 WatcherThread [stack: 0x0000000017d50000,0x0000000017e50000] [id=12664]

=>0x00000000044a9000 (exited) GCTaskThread [stack: 0x0000000013dc0000,0x0000000013ec0000] [id=11284]

VM state:at safepoint (normal execution)

VM Mutex/Monitor currently owned by a thread:  ([mutex/lock_event])
[0x000000000273ce70] Threads_lock - owner thread: 0x00000000169e5800
[0x000000000273d5f0] Heap_lock - owner thread: 0x00000000180c7800

Heap:
 PSYoungGen      total 230912K, used 19333K [0x00000000eab00000, 0x00000000ffe00000, 0x0000000100000000)
  eden space 116736K, 0% used [0x00000000eab00000,0x00000000eab00000,0x00000000f1d00000)
  from space 114176K, 16% used [0x00000000f8e80000,0x00000000fa1615d0,0x00000000ffe00000)
  to   space 115200K, 0% used [0x00000000f1d00000,0x00000000f1d00000,0x00000000f8d80000)
 ParOldGen       total 699392K, used 642143K [0x00000000c0000000, 0x00000000eab00000, 0x00000000eab00000)
  object space 699392K, 91% used [0x00000000c0000000,0x00000000e7317c90,0x00000000eab00000)
 Metaspace       used 6815K, capacity 7320K, committed 7680K, reserved 1056768K
  class space    used 647K, capacity 656K, committed 768K, reserved 1048576K

Card table byte_map: [0x0000000013950000,0x0000000013b60000] byte_map_base: 0x0000000013350000

Marking Bits: (ParMarkBitMap*) 0x000000006f53f860
 Begin Bits: [0x0000000013ec0000, 0x0000000014ec0000)
 End Bits:   [0x0000000014ec0000, 0x0000000015ec0000)

Polling page: 0x0000000004300000

CodeCache: size=245760Kb used=13645Kb max_used=13661Kb free=232114Kb
 bounds [0x0000000004590000, 0x0000000005300000, 0x0000000013590000]
 total_blobs=2913 nmethods=2643 adapters=183
 compilation: enabled

Compilation events (10 events):
Event: 31.300 Thread 0x0000000016a72000 2725       3       com.android.dx.ssa.NormalSsaInsn::changeOneSource (120 bytes)
Event: 31.301 Thread 0x0000000016a72000 nmethod 2725 0x00000000046a21d0 code [0x00000000046a2460, 0x00000000046a3bf8]
Event: 31.407 Thread 0x0000000016a19800 nmethod 2701 0x00000000052e54d0 code [0x00000000052e5b60, 0x00000000052ebd18]
Event: 31.408 Thread 0x0000000016a19800 2715 %     4       com.android.dx.dex.code.RopTranslator::pickOrder @ 190 (400 bytes)
Event: 31.432 Thread 0x0000000016a19800 nmethod 2715% 0x00000000052f2ed0 code [0x00000000052f3100, 0x00000000052f4c28]
Event: 31.432 Thread 0x0000000016a19800 2720   !   4       com.android.dx.cf.code.BytecodeArray::parseInstruction (2764 bytes)
Event: 31.512 Thread 0x0000000016a72000 2729       2       com.android.dx.ssa.back.FirstFitLocalCombiningAllocator$1::visitNonMoveInsn (6 bytes)
Event: 31.512 Thread 0x0000000016a72000 nmethod 2729 0x00000000046f8e90 code [0x00000000046f9000, 0x00000000046f9168]
Event: 31.530 Thread 0x0000000016a72000 2730       2       com.android.dx.ssa.MoveParamCombiner$1$1::map (21 bytes)
Event: 31.530 Thread 0x0000000016a72000 nmethod 2730 0x00000000052c2a50 code [0x00000000052c2ba0, 0x00000000052c2d10]

GC Heap History (10 events):
Event: 29.973 GC heap after
Heap after GC invocations=33 (full 5):
 PSYoungGen      total 232960K, used 70981K [0x00000000eab00000, 0x0000000100000000, 0x0000000100000000)
  eden space 116736K, 0% used [0x00000000eab00000,0x00000000eab00000,0x00000000f1d00000)
  from space 116224K, 61% used [0x00000000f8e80000,0x00000000fd3d1760,0x0000000100000000)
  to   space 116224K, 0% used [0x00000000f1d00000,0x00000000f1d00000,0x00000000f8e80000)
 ParOldGen       total 699392K, used 590048K [0x00000000c0000000, 0x00000000eab00000, 0x00000000eab00000)
  object space 699392K, 84% used [0x00000000c0000000,0x00000000e4038280,0x00000000eab00000)
 Metaspace       used 6814K, capacity 7320K, committed 7680K, reserved 1056768K
  class space    used 647K, capacity 656K, committed 768K, reserved 1048576K
}
Event: 30.369 GC heap before
{Heap before GC invocations=34 (full 5):
 PSYoungGen      total 232960K, used 187717K [0x00000000eab00000, 0x0000000100000000, 0x0000000100000000)
  eden space 116736K, 100% used [0x00000000eab00000,0x00000000f1d00000,0x00000000f1d00000)
  from space 116224K, 61% used [0x00000000f8e80000,0x00000000fd3d1760,0x0000000100000000)
  to   space 116224K, 0% used [0x00000000f1d00000,0x00000000f1d00000,0x00000000f8e80000)
 ParOldGen       total 699392K, used 590048K [0x00000000c0000000, 0x00000000eab00000, 0x00000000eab00000)
  object space 699392K, 84% used [0x00000000c0000000,0x00000000e4038280,0x00000000eab00000)
 Metaspace       used 6814K, capacity 7320K, committed 7680K, reserved 1056768K
  class space    used 647K, capacity 656K, committed 768K, reserved 1048576K
Event: 30.389 GC heap after
Heap after GC invocations=34 (full 5):
 PSYoungGen      total 232960K, used 10686K [0x00000000eab00000, 0x0000000100000000, 0x0000000100000000)
  eden space 116736K, 0% used [0x00000000eab00000,0x00000000eab00000,0x00000000f1d00000)
  from space 116224K, 9% used [0x00000000f1d00000,0x00000000f276f8d8,0x00000000f8e80000)
  to   space 116224K, 0% used [0x00000000f8e80000,0x00000000f8e80000,0x0000000100000000)
 ParOldGen       total 699392K, used 594918K [0x00000000c0000000, 0x00000000eab00000, 0x00000000eab00000)
  object space 699392K, 85% used [0x00000000c0000000,0x00000000e44f9b88,0x00000000eab00000)
 Metaspace       used 6814K, capacity 7320K, committed 7680K, reserved 1056768K
  class space    used 647K, capacity 656K, committed 768K, reserved 1048576K
}
Event: 30.748 GC heap before
{Heap before GC invocations=35 (full 5):
 PSYoungGen      total 232960K, used 127422K [0x00000000eab00000, 0x0000000100000000, 0x0000000100000000)
  eden space 116736K, 100% used [0x00000000eab00000,0x00000000f1d00000,0x00000000f1d00000)
  from space 116224K, 9% used [0x00000000f1d00000,0x00000000f276f8d8,0x00000000f8e80000)
  to   space 116224K, 0% used [0x00000000f8e80000,0x00000000f8e80000,0x0000000100000000)
 ParOldGen       total 699392K, used 594918K [0x00000000c0000000, 0x00000000eab00000, 0x00000000eab00000)
  object space 699392K, 85% used [0x00000000c0000000,0x00000000e44f9b88,0x00000000eab00000)
 Metaspace       used 6814K, capacity 7320K, committed 7680K, reserved 1056768K
  class space    used 647K, capacity 656K, committed 768K, reserved 1048576K
Event: 30.789 GC heap after
Heap after GC invocations=35 (full 5):
 PSYoungGen      total 232960K, used 20993K [0x00000000eab00000, 0x0000000100000000, 0x0000000100000000)
  eden space 116736K, 0% used [0x00000000eab00000,0x00000000eab00000,0x00000000f1d00000)
  from space 116224K, 18% used [0x00000000f8e80000,0x00000000fa3006c0,0x0000000100000000)
  to   space 116224K, 0% used [0x00000000f1d00000,0x00000000f1d00000,0x00000000f8e80000)
 ParOldGen       total 699392K, used 604365K [0x00000000c0000000, 0x00000000eab00000, 0x00000000eab00000)
  object space 699392K, 86% used [0x00000000c0000000,0x00000000e4e33488,0x00000000eab00000)
 Metaspace       used 6814K, capacity 7320K, committed 7680K, reserved 1056768K
  class space    used 647K, capacity 656K, committed 768K, reserved 1048576K
}
Event: 31.146 GC heap before
{Heap before GC invocations=36 (full 5):
 PSYoungGen      total 232960K, used 137729K [0x00000000eab00000, 0x0000000100000000, 0x0000000100000000)
  eden space 116736K, 100% used [0x00000000eab00000,0x00000000f1d00000,0x00000000f1d00000)
  from space 116224K, 18% used [0x00000000f8e80000,0x00000000fa3006c0,0x0000000100000000)
  to   space 116224K, 0% used [0x00000000f1d00000,0x00000000f1d00000,0x00000000f8e80000)
 ParOldGen       total 699392K, used 604365K [0x00000000c0000000, 0x00000000eab00000, 0x00000000eab00000)
  object space 699392K, 86% used [0x00000000c0000000,0x00000000e4e33488,0x00000000eab00000)
 Metaspace       used 6814K, capacity 7320K, committed 7680K, reserved 1056768K
  class space    used 647K, capacity 656K, committed 768K, reserved 1048576K
Event: 31.214 GC heap after
Heap after GC invocations=36 (full 5):
 PSYoungGen      total 232960K, used 17952K [0x00000000eab00000, 0x0000000100000000, 0x0000000100000000)
  eden space 116736K, 0% used [0x00000000eab00000,0x00000000eab00000,0x00000000f1d00000)
  from space 116224K, 15% used [0x00000000f1d00000,0x00000000f2e88000,0x00000000f8e80000)
  to   space 116224K, 0% used [0x00000000f8e80000,0x00000000f8e80000,0x0000000100000000)
 ParOldGen       total 699392K, used 624857K [0x00000000c0000000, 0x00000000eab00000, 0x00000000eab00000)
  object space 699392K, 89% used [0x00000000c0000000,0x00000000e62367e8,0x00000000eab00000)
 Metaspace       used 6814K, capacity 7320K, committed 7680K, reserved 1056768K
  class space    used 647K, capacity 656K, committed 768K, reserved 1048576K
}
Event: 31.591 GC heap before
{Heap before GC invocations=37 (full 5):
 PSYoungGen      total 232960K, used 134688K [0x00000000eab00000, 0x0000000100000000, 0x0000000100000000)
  eden space 116736K, 100% used [0x00000000eab00000,0x00000000f1d00000,0x00000000f1d00000)
  from space 116224K, 15% used [0x00000000f1d00000,0x00000000f2e88000,0x00000000f8e80000)
  to   space 116224K, 0% used [0x00000000f8e80000,0x00000000f8e80000,0x0000000100000000)
 ParOldGen       total 699392K, used 624857K [0x00000000c0000000, 0x00000000eab00000, 0x00000000eab00000)
  object space 699392K, 89% used [0x00000000c0000000,0x00000000e62367e8,0x00000000eab00000)
 Metaspace       used 6815K, capacity 7320K, committed 7680K, reserved 1056768K
  class space    used 647K, capacity 656K, committed 768K, reserved 1048576K
Event: 31.695 GC heap after
Heap after GC invocations=37 (full 5):
 PSYoungGen      total 230912K, used 19333K [0x00000000eab00000, 0x00000000ffe00000, 0x0000000100000000)
  eden space 116736K, 0% used [0x00000000eab00000,0x00000000eab00000,0x00000000f1d00000)
  from space 114176K, 16% used [0x00000000f8e80000,0x00000000fa1615d0,0x00000000ffe00000)
  to   space 115200K, 0% used [0x00000000f1d00000,0x00000000f1d00000,0x00000000f8d80000)
 ParOldGen       total 699392K, used 642143K [0x00000000c0000000, 0x00000000eab00000, 0x00000000eab00000)
  object space 699392K, 91% used [0x00000000c0000000,0x00000000e7317c90,0x00000000eab00000)
 Metaspace       used 6815K, capacity 7320K, committed 7680K, reserved 1056768K
  class space    used 647K, capacity 656K, committed 768K, reserved 1048576K
}
Event: 31.695 GC heap before
{Heap before GC invocations=38 (full 6):
 PSYoungGen      total 230912K, used 19333K [0x00000000eab00000, 0x00000000ffe00000, 0x0000000100000000)
  eden space 116736K, 0% used [0x00000000eab00000,0x00000000eab00000,0x00000000f1d00000)
  from space 114176K, 16% used [0x00000000f8e80000,0x00000000fa1615d0,0x00000000ffe00000)
  to   space 115200K, 0% used [0x00000000f1d00000,0x00000000f1d00000,0x00000000f8d80000)
 ParOldGen       total 699392K, used 642143K [0x00000000c0000000, 0x00000000eab00000, 0x00000000eab00000)
  object space 699392K, 91% used [0x00000000c0000000,0x00000000e7317c90,0x00000000eab00000)
 Metaspace       used 6815K, capacity 7320K, committed 7680K, reserved 1056768K
  class space    used 647K, capacity 656K, committed 768K, reserved 1048576K

Deoptimization events (10 events):
Event: 22.503 Thread 0x0000000018527800 Uncommon trap: reason=class_check action=maybe_recompile pc=0x0000000004fb2658 method=com.android.dx.ssa.back.InterferenceGraph.mergeInterferenceSet(ILcom/android/dx/util/IntSet;)V @ 20
Event: 22.503 Thread 0x0000000018527800 Uncommon trap: reason=class_check action=maybe_recompile pc=0x0000000004fb2658 method=com.android.dx.ssa.back.InterferenceGraph.mergeInterferenceSet(ILcom/android/dx/util/IntSet;)V @ 20
Event: 22.509 Thread 0x0000000018527800 Uncommon trap: reason=class_check action=maybe_recompile pc=0x0000000004fb2658 method=com.android.dx.ssa.back.InterferenceGraph.mergeInterferenceSet(ILcom/android/dx/util/IntSet;)V @ 20
Event: 23.541 Thread 0x000000000273e000 Uncommon trap: reason=unstable_if action=reinterpret pc=0x00000000051da5e0 method=com.android.dx.dex.code.RopTranslator.outputBlock(Lcom/android/dx/rop/code/BasicBlock;I)V @ 140
Event: 23.715 Thread 0x000000000273e000 Uncommon trap: reason=unstable_if action=reinterpret pc=0x00000000051adbe0 method=com.android.dx.cf.code.Ropper.processBlock(Lcom/android/dx/cf/code/ByteBlock;Lcom/android/dx/cf/code/Frame;[I)V @ 84
Event: 24.989 Thread 0x000000000273e000 Uncommon trap: reason=unstable_if action=reinterpret pc=0x000000000513cf34 method=java.lang.Integer.valueOf(I)Ljava/lang/Integer; @ 10
Event: 31.260 Thread 0x00000000182de000 Uncommon trap: reason=bimorphic action=maybe_recompile pc=0x00000000052cfac8 method=com.android.dx.cf.code.BytecodeArray.parseInstruction(ILcom/android/dx/cf/code/BytecodeArray$Visitor;)I @ 1357
Event: 31.260 Thread 0x00000000182de000 Uncommon trap: reason=bimorphic action=maybe_recompile pc=0x00000000052cfac8 method=com.android.dx.cf.code.BytecodeArray.parseInstruction(ILcom/android/dx/cf/code/BytecodeArray$Visitor;)I @ 1357
Event: 31.292 Thread 0x00000000180c7800 Uncommon trap: reason=unstable_if action=reinterpret pc=0x00000000046d0674 method=com.android.dx.ssa.SCCP.simulateStmt(Lcom/android/dx/ssa/SsaInsn;)V @ 435
Event: 31.512 Thread 0x00000000180c7800 Uncommon trap: reason=unstable_if action=reinterpret pc=0x0000000005098e90 method=com.android.dx.rop.code.LocalItem.compareHandlesNulls(Lcom/android/dx/rop/cst/CstString;Lcom/android/dx/rop/cst/CstString;)I @ 8

Classes redefined (0 events):
No events

Internal exceptions (9 events):
Event: 0.026 Thread 0x000000000273e000 Exception <a 'java/lang/NoSuchMethodError': Method sun.misc.Unsafe.defineClass(Ljava/lang/String;[BII)Ljava/lang/Class; name or signature does not match> (0x00000000eab07ca0) thrown at [C:\re\workspace\8-2-build-windows-amd64-cygwin\jdk8u161\10277\hotspot
Event: 0.026 Thread 0x000000000273e000 Exception <a 'java/lang/NoSuchMethodError': Method sun.misc.Unsafe.prefetchRead(Ljava/lang/Object;J)V name or signature does not match> (0x00000000eab07f88) thrown at [C:\re\workspace\8-2-build-windows-amd64-cygwin\jdk8u161\10277\hotspot\src\share\vm\prim
Event: 0.634 Thread 0x00000000182de000 Implicit null exception at 0x00000000048fb298 to 0x00000000048fe149
Event: 1.250 Thread 0x0000000018524800 Exception <a 'java/lang/ArrayIndexOutOfBoundsException': 18> (0x00000000ec56c1c8) thrown at [C:\re\workspace\8-2-build-windows-amd64-cygwin\jdk8u161\10277\hotspot\src\share\vm\interpreter\interpreterRuntime.cpp, line 366]
Event: 1.251 Thread 0x0000000018524800 Exception <a 'java/lang/ArrayIndexOutOfBoundsException'> (0x00000000ec56dd48) thrown at [C:\re\workspace\8-2-build-windows-amd64-cygwin\jdk8u161\10277\hotspot\src\share\vm\runtime\sharedRuntime.cpp, line 605]
Event: 1.251 Thread 0x0000000018524800 Exception <a 'java/lang/ArrayIndexOutOfBoundsException'> (0x00000000ec56f030) thrown at [C:\re\workspace\8-2-build-windows-amd64-cygwin\jdk8u161\10277\hotspot\src\share\vm\runtime\sharedRuntime.cpp, line 605]
Event: 5.492 Thread 0x000000000273e000 Implicit null exception at 0x00000000046f636d to 0x00000000046f69c1
Event: 6.140 Thread 0x0000000018527800 Implicit null exception at 0x0000000004cc97f5 to 0x0000000004ccb041
Event: 31.512 Thread 0x00000000180c7800 Implicit null exception at 0x00000000050981b7 to 0x0000000005098e5d

Events (10 events):
Event: 31.491 Thread 0x00000000182de000 DEOPT PACKING pc=0x0000000004cafd54 sp=0x0000000018d4ea10
Event: 31.491 Thread 0x00000000182de000 DEOPT UNPACKING pc=0x00000000045d7490 sp=0x0000000018d4e7f0 mode 0
Event: 31.512 Thread 0x00000000180c7800 Uncommon trap: trap_request=0xffffff65 fr.pc=0x0000000005098e90
Event: 31.512 Thread 0x00000000180c7800 DEOPT PACKING pc=0x0000000005098e90 sp=0x0000000018b4eaf0
Event: 31.512 Thread 0x00000000180c7800 DEOPT UNPACKING pc=0x00000000045d583b sp=0x0000000018b4e868 mode 2
Event: 31.548 Thread 0x000000000273e000 DEOPT PACKING pc=0x0000000004c5570b sp=0x000000000448e7c0
Event: 31.548 Thread 0x000000000273e000 DEOPT UNPACKING pc=0x00000000045d7490 sp=0x000000000448e5d0 mode 0
Event: 31.552 Thread 0x000000000273e000 DEOPT PACKING pc=0x0000000004c4ad24 sp=0x000000000448e6c0
Event: 31.552 Thread 0x000000000273e000 DEOPT UNPACKING pc=0x00000000045d7490 sp=0x000000000448e480 mode 0
Event: 31.591 Executing VM operation: ParallelGCFailedAllocation


Dynamic libraries:
0x00007ff6c6fe0000 - 0x00007ff6c7017000 	C:\Program Files\Java\jdk1.8.0_161\bin\java.exe
0x00007ffcd5e10000 - 0x00007ffcd5ff0000 	C:\WINDOWS\SYSTEM32\ntdll.dll
0x00007ffcd5160000 - 0x00007ffcd520e000 	C:\WINDOWS\System32\KERNEL32.DLL
0x00007ffcd2c00000 - 0x00007ffcd2e66000 	C:\WINDOWS\System32\KERNELBASE.dll
0x00007ffcd5290000 - 0x00007ffcd5331000 	C:\WINDOWS\System32\ADVAPI32.dll
0x00007ffcd32e0000 - 0x00007ffcd337d000 	C:\WINDOWS\System32\msvcrt.dll
0x00007ffcd36e0000 - 0x00007ffcd373b000 	C:\WINDOWS\System32\sechost.dll
0x00007ffcd34b0000 - 0x00007ffcd35cf000 	C:\WINDOWS\System32\RPCRT4.dll
0x00007ffcd4e10000 - 0x00007ffcd4f9f000 	C:\WINDOWS\System32\USER32.dll
0x00007ffcd2380000 - 0x00007ffcd23a0000 	C:\WINDOWS\System32\win32u.dll
0x00007ffcd5880000 - 0x00007ffcd58a8000 	C:\WINDOWS\System32\GDI32.dll
0x00007ffcd2e70000 - 0x00007ffcd3003000 	C:\WINDOWS\System32\gdi32full.dll
0x00007ffcd2210000 - 0x00007ffcd22ab000 	C:\WINDOWS\System32\msvcp_win.dll
0x00007ffcd31e0000 - 0x00007ffcd32d6000 	C:\WINDOWS\System32\ucrtbase.dll
0x00007ffcbce50000 - 0x00007ffcbd0b9000 	C:\WINDOWS\WinSxS\amd64_microsoft.windows.common-controls_6595b64144ccf1df_6.0.16299.371_none_15c7d1789365a290\COMCTL32.dll
0x00007ffcd53a0000 - 0x00007ffcd56a8000 	C:\WINDOWS\System32\combase.dll
0x00007ffcd2300000 - 0x00007ffcd2372000 	C:\WINDOWS\System32\bcryptPrimitives.dll
0x00007ffcd37e0000 - 0x00007ffcd380d000 	C:\WINDOWS\System32\IMM32.DLL
0x000000006e890000 - 0x000000006e962000 	C:\Program Files\Java\jdk1.8.0_161\jre\bin\msvcr100.dll
0x000000006ed20000 - 0x000000006f5bf000 	C:\Program Files\Java\jdk1.8.0_161\jre\bin\server\jvm.dll
0x00007ffcd5dd0000 - 0x00007ffcd5dd8000 	C:\WINDOWS\System32\PSAPI.DLL
0x00007ffcc1a80000 - 0x00007ffcc1a89000 	C:\WINDOWS\SYSTEM32\WSOCK32.dll
0x00007ffcd02d0000 - 0x00007ffcd02f3000 	C:\WINDOWS\SYSTEM32\WINMM.dll
0x00007ffcd3430000 - 0x00007ffcd349c000 	C:\WINDOWS\System32\WS2_32.dll
0x00007ffcc8240000 - 0x00007ffcc824a000 	C:\WINDOWS\SYSTEM32\VERSION.dll
0x00007ffcd0270000 - 0x00007ffcd029a000 	C:\WINDOWS\SYSTEM32\WINMMBASE.dll
0x00007ffcd22b0000 - 0x00007ffcd22fa000 	C:\WINDOWS\System32\cfgmgr32.dll
0x000000006ed10000 - 0x000000006ed1f000 	C:\Program Files\Java\jdk1.8.0_161\jre\bin\verify.dll
0x000000006ece0000 - 0x000000006ed09000 	C:\Program Files\Java\jdk1.8.0_161\jre\bin\java.dll
0x000000006ecc0000 - 0x000000006ecd6000 	C:\Program Files\Java\jdk1.8.0_161\jre\bin\zip.dll
0x00007ffcd3810000 - 0x00007ffcd4c46000 	C:\WINDOWS\System32\SHELL32.dll
0x00007ffcd3380000 - 0x00007ffcd3426000 	C:\WINDOWS\System32\shcore.dll
0x00007ffcd24b0000 - 0x00007ffcd2bf7000 	C:\WINDOWS\System32\windows.storage.dll
0x00007ffcd5340000 - 0x00007ffcd5391000 	C:\WINDOWS\System32\shlwapi.dll
0x00007ffcd21f0000 - 0x00007ffcd2201000 	C:\WINDOWS\System32\kernel.appcore.dll
0x00007ffcd2160000 - 0x00007ffcd21ac000 	C:\WINDOWS\System32\powrprof.dll
0x00007ffcd21d0000 - 0x00007ffcd21eb000 	C:\WINDOWS\System32\profapi.dll
0x00007ffcc6e80000 - 0x00007ffcc7048000 	C:\WINDOWS\SYSTEM32\dbghelp.dll

VM Arguments:
jvm_args: -Djava.awt.headless=true -Xmx1024M -Dfile.encoding=windows-1252 -Duser.country=US -Duser.language=en -Duser.variant 
java_command: com.android.dx.command.Main --dex --num-threads=4 --multi-dex --main-dex-list E:\fss\PNS_0322\mobiletrading-android\MobileTrading\build\intermediates\multi-dex\systemTest\release\maindexlist.txt --output E:\fss\PNS_0322\mobiletrading-android\MobileTrading\build\intermediates\transforms\dex\systemTest\release\folders\1000\1f\main E:\fss\PNS_0322\mobiletrading-android\MobileTrading\build\intermediates\transforms\jarMerging\systemTest\release\jars\1\1f\combined.jar
java_class_path (initial): C:\Users\User\AppData\Local\Android\sdk\build-tools\23.0.3\lib\dx.jar
Launcher Type: SUN_STANDARD

Environment Variables:
PATH=D:\app\User\product\11.2.0\dbhome_1\bin;D:\app\User\product\11.2.0\client_1;C:\ProgramData\Oracle\Java\javapath;C:\WINDOWS\system32;C:\WINDOWS;C:\WINDOWS\System32\Wbem;C:\WINDOWS\System32\WindowsPowerShell\v1.0\;C:\Program Files\TortoiseSVN\bin;C:\Program Files\Microsoft\Web Platform Installer\;C:\Program Files (x86)\Microsoft ASP.NET\ASP.NET Web Pages\v1.0\;C:\Program Files (x86)\Windows Kits\8.0\Windows Performance Toolkit\;C:\Program Files\Microsoft SQL Server\110\Tools\Binn\;C:\Users\User\AppData\Local\Microsoft\WindowsApps;
USERNAME=User
OS=Windows_NT
PROCESSOR_IDENTIFIER=Intel64 Family 6 Model 60 Stepping 3, GenuineIntel



---------------  S Y S T E M  ---------------

OS: Windows 10.0 , 64 bit Build 16299 (10.0.16299.15)

CPU:total 2 (initial active 2) (2 cores per cpu, 1 threads per core) family 6 model 60 stepping 3, cmov, cx8, fxsr, mmx, sse, sse2, sse3, ssse3, sse4.1, sse4.2, popcnt, clmul, erms, lzcnt, tsc, tscinvbit

Memory: 4k page, physical 8256664k(847540k free), swap 11402392k(1614356k free)

vm_info: Java HotSpot(TM) 64-Bit Server VM (25.161-b12) for windows-amd64 JRE (1.8.0_161-b12), built on Dec 19 2017 17:52:25 by "java_re" with MS VC++ 10.0 (VS2010)

time: Mon May 07 17:37:09 2018
elapsed time: 31 seconds (0d 0h 0m 31s)

