#
# A fatal error has been detected by the Java Runtime Environment:
#
#  EXCEPTION_ACCESS_VIOLATION (0xc0000005) at pc=0x0000000061adff30, pid=7688, tid=0x0000000000001888
#
# JRE version: Java(TM) SE Runtime Environment (8.0_161-b12) (build 1.8.0_161-b12)
# Java VM: Java HotSpot(TM) 64-Bit Server VM (25.161-b12 mixed mode windows-amd64 compressed oops)
# Problematic frame:
# V  [jvm.dll+0xaff30]
#
# Failed to write core dump. Minidumps are not enabled by default on client versions of Windows
#
# If you would like to submit a bug report, please visit:
#   http://bugreport.java.com/bugreport/crash.jsp
#

---------------  T H R E A D  ---------------

Current thread (0x00000000045c7800):  GCTaskThread [stack: 0x0000000013de0000,0x0000000013ee0000] [id=6280]

siginfo: ExceptionCode=0xc0000005, reading address 0x00000007d34013a0

Registers:
RAX=0x0000000000000002, RBX=0x00000000fc4802b8, RCX=0x00000000fc4802b8, RDX=0x00000007d3401398
RSP=0x0000000013edf9d8, RBP=0x0000000000000000, RSI=0x0000000004697a40, RDI=0x0000011e0000014a
R8 =0x0000000004697a40, R9 =0x0000000000000011, R10=0x0000000000000008, R11=0x0000000000000000
R12=0x0000000062087648, R13=0x0000005600290046, R14=0x0000000000000000, R15=0x00000000045c7d40
RIP=0x0000000061adff30, EFLAGS=0x0000000000010202

Top of Stack: (sp=0x0000000013edf9d8)
0x0000000013edf9d8:   0000000061e315f2 00000000fd79ade0
0x0000000013edf9e8:   0000000000000004 0000000004697a40
0x0000000013edf9f8:   00000000047c8218 00000000c01395a4
0x0000000013edfa08:   0000000061e31d3b 00000000c298dc48
0x0000000013edfa18:   0000000000000400 0000000000000000
0x0000000013edfa28:   00000000045c2e01 0000000062087648
0x0000000013edfa38:   0000000061e31960 00000000c298f118
0x0000000013edfa48:   0000000000000000 0000000004697a40
0x0000000013edfa58:   0000011e0000014a 00000000c298f118
0x0000000013edfa68:   0000000061e32335 00000000eafb1480
0x0000000013edfa78:   0000000000000000 0000000004697a40
0x0000000013edfa88:   0000000013a7fe8a 0000011e0000014a
0x0000000013edfa98:   0000000061c46cfd 0000000013a7ff00
0x0000000013edfaa8:   0000011e0000014a 0000000000000100
0x0000000013edfab8:   0000011d0000014a 00000000045b1cd0
0x0000000013edfac8:   0000000061c4d8b2 00000000045c7800 

Instructions: (pc=0x0000000061adff30)
0x0000000061adff10:   6c ba 1d 00 48 8b 9c 24 d0 00 00 00 48 81 c4 c0
0x0000000061adff20:   00 00 00 5d c3 cc cc cc cc cc cc cc cc cc cc cc
0x0000000061adff30:   44 8b 42 08 4c 8b ca 45 85 c0 7e 0e 41 f6 c0 01
0x0000000061adff40:   75 57 41 c1 f8 03 41 8b c0 c3 79 4d 80 3d 8e 05 


Register to memory mapping:

RAX=0x0000000000000002 is an unknown value
RBX=0x00000000fc4802b8 is an oop

[error occurred during error reporting (printing register info), id 0xc0000005]

Stack: [0x0000000013de0000,0x0000000013ee0000],  sp=0x0000000013edf9d8,  free space=1022k
Native frames: (J=compiled Java code, j=interpreted, Vv=VM code, C=native code)


---------------  P R O C E S S  ---------------

Java Threads: ( => current thread )
  0x000000001835b000 JavaThread "pool-2-thread-4" [_thread_blocked, id=11228, stack(0x0000000018f60000,0x0000000019060000)]
  0x0000000018518800 JavaThread "pool-2-thread-3" [_thread_blocked, id=11004, stack(0x0000000018e60000,0x0000000018f60000)]
  0x0000000018515800 JavaThread "pool-2-thread-2" [_thread_blocked, id=2256, stack(0x0000000018d60000,0x0000000018e60000)]
  0x00000000183ff800 JavaThread "pool-3-thread-1" [_thread_blocked, id=10920, stack(0x0000000018c60000,0x0000000018d60000)]
  0x00000000183b1000 JavaThread "pool-2-thread-1" [_thread_blocked, id=1288, stack(0x0000000018b60000,0x0000000018c60000)]
  0x0000000016b9e000 JavaThread "Service Thread" daemon [_thread_blocked, id=7628, stack(0x0000000017d60000,0x0000000017e60000)]
  0x0000000016b3e000 JavaThread "C1 CompilerThread1" daemon [_thread_blocked, id=7496, stack(0x0000000017c60000,0x0000000017d60000)]
  0x0000000016b39800 JavaThread "C2 CompilerThread0" daemon [_thread_blocked, id=11176, stack(0x0000000017b60000,0x0000000017c60000)]
  0x0000000016b37800 JavaThread "Attach Listener" daemon [_thread_blocked, id=9124, stack(0x0000000017a60000,0x0000000017b60000)]
  0x00000000046ae800 JavaThread "Signal Dispatcher" daemon [_thread_blocked, id=9760, stack(0x0000000017960000,0x0000000017a60000)]
  0x0000000016b28800 JavaThread "Finalizer" daemon [_thread_blocked, id=4044, stack(0x0000000017770000,0x0000000017870000)]
  0x000000000469d800 JavaThread "Reference Handler" daemon [_thread_blocked, id=6016, stack(0x0000000017670000,0x0000000017770000)]
  0x000000000456e000 JavaThread "main" [_thread_blocked, id=10072, stack(0x00000000043b0000,0x00000000044b0000)]

Other Threads:
  0x0000000016b05800 VMThread [stack: 0x0000000017570000,0x0000000017670000] [id=4828]
  0x0000000016ba0800 WatcherThread [stack: 0x0000000017e60000,0x0000000017f60000] [id=3548]

=>0x00000000045c7800 (exited) GCTaskThread [stack: 0x0000000013de0000,0x0000000013ee0000] [id=6280]

VM state:at safepoint (normal execution)

VM Mutex/Monitor currently owned by a thread:  ([mutex/lock_event])
[0x000000000456cfc0] Threads_lock - owner thread: 0x0000000016b05800
[0x000000000456cc40] Heap_lock - owner thread: 0x0000000018515800

Heap:
 PSYoungGen      total 283648K, used 280472K [0x00000000eab00000, 0x00000000fe700000, 0x0000000100000000)
  eden space 257536K, 100% used [0x00000000eab00000,0x00000000fa680000,0x00000000fa680000)
  from space 26112K, 87% used [0x00000000fc480000,0x00000000fdae6008,0x00000000fde00000)
  to   space 30720K, 99% used [0x00000000fa680000,0x00000000fc47d1b0,0x00000000fc480000)
 ParOldGen       total 86016K, used 45223K [0x00000000c0000000, 0x00000000c5400000, 0x00000000eab00000)
  object space 86016K, 52% used [0x00000000c0000000,0x00000000c2c2bc48,0x00000000c5400000)
 Metaspace       used 6733K, capacity 7256K, committed 7424K, reserved 1056768K
  class space    used 642K, capacity 656K, committed 768K, reserved 1048576K

Card table byte_map: [0x0000000013a70000,0x0000000013c80000] byte_map_base: 0x0000000013470000

Marking Bits: (ParMarkBitMap*) 0x000000006224f860
 Begin Bits: [0x0000000013fe0000, 0x0000000014fe0000)
 End Bits:   [0x0000000014fe0000, 0x0000000015fe0000)

Polling page: 0x00000000003c0000

CodeCache: size=245760Kb used=8864Kb max_used=8889Kb free=236895Kb
 bounds [0x00000000046b0000, 0x0000000004f70000, 0x00000000136b0000]
 total_blobs=2355 nmethods=2085 adapters=183
 compilation: enabled

Compilation events (10 events):
Event: 5.443 Thread 0x0000000016b3e000 2136       2       com.android.dx.cf.code.BytecodeArray::parseLookupswitch (175 bytes)
Event: 5.443 Thread 0x0000000016b3e000 nmethod 2136 0x0000000004f3c010 code [0x0000000004f3c240, 0x0000000004f3c9e8]
Event: 5.584 Thread 0x0000000016b39800 nmethod 2070 0x0000000004f55b90 code [0x0000000004f56120, 0x0000000004f5c0f8]
Event: 5.584 Thread 0x0000000016b39800 2130       4       com.android.dx.rop.code.BasicBlockList::forEachInsn (39 bytes)
Event: 5.587 Thread 0x0000000016b39800 nmethod 2130 0x0000000004f39990 code [0x0000000004f39ae0, 0x0000000004f39d98]
Event: 5.587 Thread 0x0000000016b39800 2106       4       com.android.dx.ssa.SsaMethod::indexListFromLabelList (47 bytes)
Event: 5.593 Thread 0x0000000016b39800 nmethod 2106 0x0000000004f0fa90 code [0x0000000004f0fc00, 0x0000000004f10318]
Event: 5.593 Thread 0x0000000016b39800 2095       4       com.android.dx.cf.code.RopperMachine::getSources (264 bytes)
Event: 5.608 Thread 0x0000000016b3e000 2140       2       com.android.dx.ssa.back.FirstFitLocalCombiningAllocator::ssaSetToSpecs (57 bytes)
Event: 5.609 Thread 0x0000000016b3e000 nmethod 2140 0x0000000004f20210 code [0x0000000004f20420, 0x0000000004f20c38]

GC Heap History (10 events):
Event: 0.823 GC heap after
Heap after GC invocations=2 (full 0):
 PSYoungGen      total 70656K, used 1984K [0x00000000eab00000, 0x00000000ef500000, 0x0000000100000000)
  eden space 65536K, 0% used [0x00000000eab00000,0x00000000eab00000,0x00000000eeb00000)
  from space 5120K, 38% used [0x00000000ef000000,0x00000000ef1f0020,0x00000000ef500000)
  to   space 5120K, 0% used [0x00000000eeb00000,0x00000000eeb00000,0x00000000ef000000)
 ParOldGen       total 86016K, used 8K [0x00000000c0000000, 0x00000000c5400000, 0x00000000eab00000)
  object space 86016K, 0% used [0x00000000c0000000,0x00000000c0002000,0x00000000c5400000)
 Metaspace       used 3560K, capacity 4720K, committed 4864K, reserved 1056768K
  class space    used 387K, capacity 424K, committed 512K, reserved 1048576K
}
Event: 2.874 GC heap before
{Heap before GC invocations=3 (full 0):
 PSYoungGen      total 70656K, used 67520K [0x00000000eab00000, 0x00000000ef500000, 0x0000000100000000)
  eden space 65536K, 100% used [0x00000000eab00000,0x00000000eeb00000,0x00000000eeb00000)
  from space 5120K, 38% used [0x00000000ef000000,0x00000000ef1f0020,0x00000000ef500000)
  to   space 5120K, 0% used [0x00000000eeb00000,0x00000000eeb00000,0x00000000ef000000)
 ParOldGen       total 86016K, used 8K [0x00000000c0000000, 0x00000000c5400000, 0x00000000eab00000)
  object space 86016K, 0% used [0x00000000c0000000,0x00000000c0002000,0x00000000c5400000)
 Metaspace       used 6376K, capacity 7128K, committed 7424K, reserved 1056768K
  class space    used 623K, capacity 656K, committed 768K, reserved 1048576K
Event: 2.887 GC heap after
Heap after GC invocations=3 (full 0):
 PSYoungGen      total 70656K, used 5109K [0x00000000eab00000, 0x00000000f3500000, 0x0000000100000000)
  eden space 65536K, 0% used [0x00000000eab00000,0x00000000eab00000,0x00000000eeb00000)
  from space 5120K, 99% used [0x00000000eeb00000,0x00000000eeffd7d0,0x00000000ef000000)
  to   space 5120K, 0% used [0x00000000f3000000,0x00000000f3000000,0x00000000f3500000)
 ParOldGen       total 86016K, used 5595K [0x00000000c0000000, 0x00000000c5400000, 0x00000000eab00000)
  object space 86016K, 6% used [0x00000000c0000000,0x00000000c0576c70,0x00000000c5400000)
 Metaspace       used 6376K, capacity 7128K, committed 7424K, reserved 1056768K
  class space    used 623K, capacity 656K, committed 768K, reserved 1048576K
}
Event: 3.194 GC heap before
{Heap before GC invocations=4 (full 0):
 PSYoungGen      total 70656K, used 70645K [0x00000000eab00000, 0x00000000f3500000, 0x0000000100000000)
  eden space 65536K, 100% used [0x00000000eab00000,0x00000000eeb00000,0x00000000eeb00000)
  from space 5120K, 99% used [0x00000000eeb00000,0x00000000eeffd7d0,0x00000000ef000000)
  to   space 5120K, 0% used [0x00000000f3000000,0x00000000f3000000,0x00000000f3500000)
 ParOldGen       total 86016K, used 5595K [0x00000000c0000000, 0x00000000c5400000, 0x00000000eab00000)
  object space 86016K, 6% used [0x00000000c0000000,0x00000000c0576c70,0x00000000c5400000)
 Metaspace       used 6505K, capacity 7128K, committed 7424K, reserved 1056768K
  class space    used 642K, capacity 656K, committed 768K, reserved 1048576K
Event: 3.219 GC heap after
Heap after GC invocations=4 (full 0):
 PSYoungGen      total 136192K, used 5099K [0x00000000eab00000, 0x00000000f3500000, 0x0000000100000000)
  eden space 131072K, 0% used [0x00000000eab00000,0x00000000eab00000,0x00000000f2b00000)
  from space 5120K, 99% used [0x00000000f3000000,0x00000000f34faf48,0x00000000f3500000)
  to   space 5120K, 0% used [0x00000000f2b00000,0x00000000f2b00000,0x00000000f3000000)
 ParOldGen       total 86016K, used 14064K [0x00000000c0000000, 0x00000000c5400000, 0x00000000eab00000)
  object space 86016K, 16% used [0x00000000c0000000,0x00000000c0dbc248,0x00000000c5400000)
 Metaspace       used 6505K, capacity 7128K, committed 7424K, reserved 1056768K
  class space    used 642K, capacity 656K, committed 768K, reserved 1048576K
}
Event: 3.921 GC heap before
{Heap before GC invocations=5 (full 0):
 PSYoungGen      total 136192K, used 136171K [0x00000000eab00000, 0x00000000f3500000, 0x0000000100000000)
  eden space 131072K, 100% used [0x00000000eab00000,0x00000000f2b00000,0x00000000f2b00000)
  from space 5120K, 99% used [0x00000000f3000000,0x00000000f34faf48,0x00000000f3500000)
  to   space 5120K, 0% used [0x00000000f2b00000,0x00000000f2b00000,0x00000000f3000000)
 ParOldGen       total 86016K, used 14064K [0x00000000c0000000, 0x00000000c5400000, 0x00000000eab00000)
  object space 86016K, 16% used [0x00000000c0000000,0x00000000c0dbc248,0x00000000c5400000)
 Metaspace       used 6597K, capacity 7192K, committed 7424K, reserved 1056768K
  class space    used 642K, capacity 656K, committed 768K, reserved 1048576K
Event: 3.979 GC heap after
Heap after GC invocations=5 (full 0):
 PSYoungGen      total 136192K, used 5114K [0x00000000eab00000, 0x00000000fde00000, 0x0000000100000000)
  eden space 131072K, 0% used [0x00000000eab00000,0x00000000eab00000,0x00000000f2b00000)
  from space 5120K, 99% used [0x00000000f2b00000,0x00000000f2ffe808,0x00000000f3000000)
  to   space 26112K, 0% used [0x00000000fc480000,0x00000000fc480000,0x00000000fde00000)
 ParOldGen       total 86016K, used 32687K [0x00000000c0000000, 0x00000000c5400000, 0x00000000eab00000)
  object space 86016K, 38% used [0x00000000c0000000,0x00000000c1febf78,0x00000000c5400000)
 Metaspace       used 6597K, capacity 7192K, committed 7424K, reserved 1056768K
  class space    used 642K, capacity 656K, committed 768K, reserved 1048576K
}
Event: 4.513 GC heap before
{Heap before GC invocations=6 (full 0):
 PSYoungGen      total 136192K, used 136186K [0x00000000eab00000, 0x00000000fde00000, 0x0000000100000000)
  eden space 131072K, 100% used [0x00000000eab00000,0x00000000f2b00000,0x00000000f2b00000)
  from space 5120K, 99% used [0x00000000f2b00000,0x00000000f2ffe808,0x00000000f3000000)
  to   space 26112K, 0% used [0x00000000fc480000,0x00000000fc480000,0x00000000fde00000)
 ParOldGen       total 86016K, used 32687K [0x00000000c0000000, 0x00000000c5400000, 0x00000000eab00000)
  object space 86016K, 38% used [0x00000000c0000000,0x00000000c1febf78,0x00000000c5400000)
 Metaspace       used 6699K, capacity 7256K, committed 7424K, reserved 1056768K
  class space    used 642K, capacity 656K, committed 768K, reserved 1048576K
Event: 4.558 GC heap after
Heap after GC invocations=6 (full 0):
 PSYoungGen      total 283648K, used 22936K [0x00000000eab00000, 0x00000000fe700000, 0x0000000100000000)
  eden space 257536K, 0% used [0x00000000eab00000,0x00000000eab00000,0x00000000fa680000)
  from space 26112K, 87% used [0x00000000fc480000,0x00000000fdae6008,0x00000000fde00000)
  to   space 30720K, 0% used [0x00000000fa680000,0x00000000fa680000,0x00000000fc480000)
 ParOldGen       total 86016K, used 32687K [0x00000000c0000000, 0x00000000c5400000, 0x00000000eab00000)
  object space 86016K, 38% used [0x00000000c0000000,0x00000000c1febf78,0x00000000c5400000)
 Metaspace       used 6699K, capacity 7256K, committed 7424K, reserved 1056768K
  class space    used 642K, capacity 656K, committed 768K, reserved 1048576K
}
Event: 5.638 GC heap before
{Heap before GC invocations=7 (full 0):
 PSYoungGen      total 283648K, used 280472K [0x00000000eab00000, 0x00000000fe700000, 0x0000000100000000)
  eden space 257536K, 100% used [0x00000000eab00000,0x00000000fa680000,0x00000000fa680000)
  from space 26112K, 87% used [0x00000000fc480000,0x00000000fdae6008,0x00000000fde00000)
  to   space 30720K, 0% used [0x00000000fa680000,0x00000000fa680000,0x00000000fc480000)
 ParOldGen       total 86016K, used 32687K [0x00000000c0000000, 0x00000000c5400000, 0x00000000eab00000)
  object space 86016K, 38% used [0x00000000c0000000,0x00000000c1febf78,0x00000000c5400000)
 Metaspace       used 6733K, capacity 7256K, committed 7424K, reserved 1056768K
  class space    used 642K, capacity 656K, committed 768K, reserved 1048576K

Deoptimization events (10 events):
Event: 3.445 Thread 0x000000001835b000 Uncommon trap: reason=unstable_if action=reinterpret pc=0x0000000004b5b55c method=com.android.dx.ssa.SCCP.simulateStmt(Lcom/android/dx/ssa/SsaInsn;)V @ 53
Event: 3.449 Thread 0x000000001835b000 Uncommon trap: reason=bimorphic action=maybe_recompile pc=0x0000000004d4400c method=com.android.dx.cf.code.BytecodeArray.parseInstruction(ILcom/android/dx/cf/code/BytecodeArray$Visitor;)I @ 907
Event: 3.449 Thread 0x000000001835b000 Uncommon trap: reason=bimorphic action=maybe_recompile pc=0x0000000004d4400c method=com.android.dx.cf.code.BytecodeArray.parseInstruction(ILcom/android/dx/cf/code/BytecodeArray$Visitor;)I @ 907
Event: 3.449 Thread 0x000000001835b000 Uncommon trap: reason=bimorphic action=maybe_recompile pc=0x0000000004d4400c method=com.android.dx.cf.code.BytecodeArray.parseInstruction(ILcom/android/dx/cf/code/BytecodeArray$Visitor;)I @ 907
Event: 3.449 Thread 0x000000001835b000 Uncommon trap: reason=bimorphic action=maybe_recompile pc=0x0000000004d4400c method=com.android.dx.cf.code.BytecodeArray.parseInstruction(ILcom/android/dx/cf/code/BytecodeArray$Visitor;)I @ 907
Event: 3.467 Thread 0x000000001835b000 Uncommon trap: reason=unstable_if action=reinterpret pc=0x0000000004d64a3c method=com.android.dx.ssa.SCCP.simulateBranch(Lcom/android/dx/ssa/SsaInsn;)V @ 64
Event: 3.468 Thread 0x000000001835b000 Uncommon trap: reason=unstable_if action=reinterpret pc=0x0000000004b7179c method=com.android.dx.ssa.SsaMethod.updateOneDefinition(Lcom/android/dx/ssa/SsaInsn;Lcom/android/dx/rop/code/RegisterSpec;)V @ 4
Event: 3.653 Thread 0x00000000183b1000 Uncommon trap: reason=unstable_if action=reinterpret pc=0x0000000004aad8f4 method=java.util.HashMap.putVal(ILjava/lang/Object;Ljava/lang/Object;ZZ)Ljava/lang/Object; @ 109
Event: 3.747 Thread 0x0000000018518800 Uncommon trap: reason=unstable_if action=reinterpret pc=0x0000000004dcf4e0 method=com.android.dx.ssa.LiteralOpUpgrader$1.visitNonMoveInsn(Lcom/android/dx/ssa/NormalSsaInsn;)V @ 176
Event: 3.805 Thread 0x00000000183b1000 Uncommon trap: reason=unstable_if action=reinterpret pc=0x0000000004e0e134 method=com.android.dx.cf.code.BytecodeArray.parseInstruction(ILcom/android/dx/cf/code/BytecodeArray$Visitor;)I @ 1261

Classes redefined (0 events):
No events

Internal exceptions (7 events):
Event: 0.042 Thread 0x000000000456e000 Exception <a 'java/lang/NoSuchMethodError': Method sun.misc.Unsafe.defineClass(Ljava/lang/String;[BII)Ljava/lang/Class; name or signature does not match> (0x00000000eab07ca0) thrown at [C:\re\workspace\8-2-build-windows-amd64-cygwin\jdk8u161\10277\hotspot
Event: 0.042 Thread 0x000000000456e000 Exception <a 'java/lang/NoSuchMethodError': Method sun.misc.Unsafe.prefetchRead(Ljava/lang/Object;J)V name or signature does not match> (0x00000000eab07f88) thrown at [C:\re\workspace\8-2-build-windows-amd64-cygwin\jdk8u161\10277\hotspot\src\share\vm\prim
Event: 1.778 Thread 0x0000000018515800 Implicit null exception at 0x0000000004981c8d to 0x000000000498406d
Event: 2.340 Thread 0x0000000018515800 Implicit null exception at 0x0000000004b02362 to 0x0000000004b02452
Event: 3.106 Thread 0x0000000018515800 Exception <a 'java/lang/ArrayIndexOutOfBoundsException': 18> (0x00000000edc36e30) thrown at [C:\re\workspace\8-2-build-windows-amd64-cygwin\jdk8u161\10277\hotspot\src\share\vm\interpreter\interpreterRuntime.cpp, line 366]
Event: 3.106 Thread 0x0000000018515800 Exception <a 'java/lang/ArrayIndexOutOfBoundsException'> (0x00000000edc389b0) thrown at [C:\re\workspace\8-2-build-windows-amd64-cygwin\jdk8u161\10277\hotspot\src\share\vm\runtime\sharedRuntime.cpp, line 605]
Event: 3.107 Thread 0x0000000018515800 Exception <a 'java/lang/ArrayIndexOutOfBoundsException'> (0x00000000edc39c98) thrown at [C:\re\workspace\8-2-build-windows-amd64-cygwin\jdk8u161\10277\hotspot\src\share\vm\runtime\sharedRuntime.cpp, line 605]

Events (10 events):
Event: 4.763 Thread 0x000000000456e000 DEOPT UNPACKING pc=0x00000000046f7490 sp=0x00000000044ae228 mode 0
Event: 4.796 Thread 0x000000001835b000 DEOPT PACKING pc=0x0000000004ac2595 sp=0x000000001905eb50
Event: 4.796 Thread 0x000000001835b000 DEOPT UNPACKING pc=0x00000000046f7490 sp=0x000000001905e898 mode 0
Event: 5.222 Thread 0x00000000183b1000 DEOPT PACKING pc=0x0000000004e9dbef sp=0x0000000018c5e560
Event: 5.222 Thread 0x00000000183b1000 DEOPT UNPACKING pc=0x00000000046f7490 sp=0x0000000018c5e328 mode 0
Event: 5.321 Thread 0x000000001835b000 DEOPT PACKING pc=0x0000000004b3fd1d sp=0x000000001905e6c0
Event: 5.321 Thread 0x000000001835b000 DEOPT UNPACKING pc=0x00000000046f7490 sp=0x000000001905e468 mode 0
Event: 5.430 Thread 0x000000001835b000 DEOPT PACKING pc=0x0000000004d73262 sp=0x000000001905eae0
Event: 5.430 Thread 0x000000001835b000 DEOPT UNPACKING pc=0x00000000046f7490 sp=0x000000001905e920 mode 0
Event: 5.638 Executing VM operation: ParallelGCFailedAllocation


Dynamic libraries:
0x00007ff731900000 - 0x00007ff731937000 	C:\Program Files\Java\jdk1.8.0_161\bin\java.exe
0x00007ffa98b70000 - 0x00007ffa98d50000 	C:\WINDOWS\SYSTEM32\ntdll.dll
0x00007ffa98a90000 - 0x00007ffa98b3e000 	C:\WINDOWS\System32\KERNEL32.DLL
0x00007ffa95b80000 - 0x00007ffa95de6000 	C:\WINDOWS\System32\KERNELBASE.dll
0x00007ffa98000000 - 0x00007ffa980a1000 	C:\WINDOWS\System32\ADVAPI32.dll
0x00007ffa989f0000 - 0x00007ffa98a8d000 	C:\WINDOWS\System32\msvcrt.dll
0x00007ffa961b0000 - 0x00007ffa9620b000 	C:\WINDOWS\System32\sechost.dll
0x00007ffa988c0000 - 0x00007ffa989df000 	C:\WINDOWS\System32\RPCRT4.dll
0x00007ffa97d50000 - 0x00007ffa97edf000 	C:\WINDOWS\System32\USER32.dll
0x00007ffa96020000 - 0x00007ffa96040000 	C:\WINDOWS\System32\win32u.dll
0x00007ffa97b60000 - 0x00007ffa97b88000 	C:\WINDOWS\System32\GDI32.dll
0x00007ffa950c0000 - 0x00007ffa95253000 	C:\WINDOWS\System32\gdi32full.dll
0x00007ffa95ed0000 - 0x00007ffa95f6b000 	C:\WINDOWS\System32\msvcp_win.dll
0x00007ffa94fc0000 - 0x00007ffa950b6000 	C:\WINDOWS\System32\ucrtbase.dll
0x00007ffa83f60000 - 0x00007ffa841c9000 	C:\WINDOWS\WinSxS\amd64_microsoft.windows.common-controls_6595b64144ccf1df_6.0.16299.431_none_15c7d3ee93659e73\COMCTL32.dll
0x00007ffa985b0000 - 0x00007ffa988b8000 	C:\WINDOWS\System32\combase.dll
0x00007ffa95df0000 - 0x00007ffa95e62000 	C:\WINDOWS\System32\bcryptPrimitives.dll
0x00007ffa980b0000 - 0x00007ffa980dd000 	C:\WINDOWS\System32\IMM32.DLL
0x00000000615a0000 - 0x0000000061672000 	C:\Program Files\Java\jdk1.8.0_161\jre\bin\msvcr100.dll
0x0000000061a30000 - 0x00000000622cf000 	C:\Program Files\Java\jdk1.8.0_161\jre\bin\server\jvm.dll
0x00007ffa97b50000 - 0x00007ffa97b58000 	C:\WINDOWS\System32\PSAPI.DLL
0x00007ffa82f60000 - 0x00007ffa82f69000 	C:\WINDOWS\SYSTEM32\WSOCK32.dll
0x00007ffa980e0000 - 0x00007ffa9814c000 	C:\WINDOWS\System32\WS2_32.dll
0x00007ffa93060000 - 0x00007ffa93083000 	C:\WINDOWS\SYSTEM32\WINMM.dll
0x00007ffa93ad0000 - 0x00007ffa93ada000 	C:\WINDOWS\SYSTEM32\VERSION.dll
0x00007ffa93000000 - 0x00007ffa9302a000 	C:\WINDOWS\SYSTEM32\WINMMBASE.dll
0x00007ffa94f70000 - 0x00007ffa94fba000 	C:\WINDOWS\System32\cfgmgr32.dll
0x0000000061a20000 - 0x0000000061a2f000 	C:\Program Files\Java\jdk1.8.0_161\jre\bin\verify.dll
0x00000000619f0000 - 0x0000000061a19000 	C:\Program Files\Java\jdk1.8.0_161\jre\bin\java.dll
0x00000000619d0000 - 0x00000000619e6000 	C:\Program Files\Java\jdk1.8.0_161\jre\bin\zip.dll
0x00007ffa96360000 - 0x00007ffa97798000 	C:\WINDOWS\System32\SHELL32.dll
0x00007ffa979d0000 - 0x00007ffa97a76000 	C:\WINDOWS\System32\shcore.dll
0x00007ffa95260000 - 0x00007ffa959a7000 	C:\WINDOWS\System32\windows.storage.dll
0x00007ffa977a0000 - 0x00007ffa977f1000 	C:\WINDOWS\System32\shlwapi.dll
0x00007ffa94f10000 - 0x00007ffa94f21000 	C:\WINDOWS\System32\kernel.appcore.dll
0x00007ffa94ec0000 - 0x00007ffa94f0c000 	C:\WINDOWS\System32\powrprof.dll
0x00007ffa94f50000 - 0x00007ffa94f6b000 	C:\WINDOWS\System32\profapi.dll
0x00007ffa89c10000 - 0x00007ffa89dd8000 	C:\WINDOWS\SYSTEM32\dbghelp.dll

VM Arguments:
jvm_args: -Djava.awt.headless=true -Xmx1024M -Dfile.encoding=windows-1252 -Duser.country=US -Duser.language=en -Duser.variant 
java_command: com.android.dx.command.Main --dex --num-threads=4 --multi-dex --main-dex-list E:\FSS_New\FNS\android\MobileTrading\build\intermediates\multi-dex\systemTest\debug\maindexlist.txt --output E:\FSS_New\FNS\android\MobileTrading\build\intermediates\transforms\dex\systemTest\debug\folders\1000\1f\main E:\FSS_New\FNS\android\MobileTrading\build\intermediates\transforms\jarMerging\systemTest\debug\jars\1\1f\combined.jar
java_class_path (initial): C:\Users\User\AppData\Local\Android\sdk\build-tools\23.0.3\lib\dx.jar
Launcher Type: SUN_STANDARD

Environment Variables:
PATH=D:\app\User\product\11.2.0\dbhome_1\bin;D:\app\User\product\11.2.0\client_1;C:\ProgramData\Oracle\Java\javapath;C:\WINDOWS\system32;C:\WINDOWS;C:\WINDOWS\System32\Wbem;C:\WINDOWS\System32\WindowsPowerShell\v1.0\;C:\Program Files\TortoiseSVN\bin;C:\Program Files\Microsoft\Web Platform Installer\;C:\Program Files (x86)\Microsoft ASP.NET\ASP.NET Web Pages\v1.0\;C:\Program Files (x86)\Windows Kits\8.0\Windows Performance Toolkit\;C:\Program Files\Microsoft SQL Server\110\Tools\Binn\;C:\Users\User\AppData\Local\Microsoft\WindowsApps;
USERNAME=User
OS=Windows_NT
PROCESSOR_IDENTIFIER=Intel64 Family 6 Model 60 Stepping 3, GenuineIntel



---------------  S Y S T E M  ---------------

OS: Windows 10.0 , 64 bit Build 16299 (10.0.16299.431)

CPU:total 2 (initial active 2) (2 cores per cpu, 1 threads per core) family 6 model 60 stepping 3, cmov, cx8, fxsr, mmx, sse, sse2, sse3, ssse3, sse4.1, sse4.2, popcnt, clmul, erms, lzcnt, tsc, tscinvbit

Memory: 4k page, physical 8256664k(2212756k free), swap 11664536k(3608004k free)

vm_info: Java HotSpot(TM) 64-Bit Server VM (25.161-b12) for windows-amd64 JRE (1.8.0_161-b12), built on Dec 19 2017 17:52:25 by "java_re" with MS VC++ 10.0 (VS2010)

time: Tue Jun 12 13:11:20 2018
elapsed time: 5 seconds (0d 0h 0m 5s)

