#
# A fatal error has been detected by the Java Runtime Environment:
#
#  EXCEPTION_ACCESS_VIOLATION (0xc0000005) at pc=0x000000006ee34bab, pid=7860, tid=0x00000000000000c0
#
# JRE version: Java(TM) SE Runtime Environment (8.0_161-b12) (build 1.8.0_161-b12)
# Java VM: Java HotSpot(TM) 64-Bit Server VM (25.161-b12 mixed mode windows-amd64 compressed oops)
# Problematic frame:
# V  [jvm.dll+0x114bab]
#
# Failed to write core dump. Minidumps are not enabled by default on client versions of Windows
#
# If you would like to submit a bug report, please visit:
#   http://bugreport.java.com/bugreport/crash.jsp
#

---------------  T H R E A D  ---------------

Current thread (0x00000000050f7800):  GCTaskThread [stack: 0x0000000014910000,0x0000000014a10000] [id=192]

siginfo: ExceptionCode=0xc0000005, reading address 0x00000007cde80040

Registers:
RAX=0x0000000014b10000, RBX=0x00000000c163fe60, RCX=0x0000000000000003, RDX=0x0000000000000001
RSP=0x0000000014a0f320, RBP=0x00000000c736fdf0, RSI=0x0000000000000003, RDI=0x00000000051c9560
R8 =0x00000007cde80038, R9 =0x0000000000000003, R10=0x000000000000000c, R11=0x0000000000000097
R12=0x00000000c736fdf4, R13=0x00000001000981e8, R14=0x00000001000981f0, R15=0x00000000c736fdd8
RIP=0x000000006ee34bab, EFLAGS=0x0000000000010202

Top of Stack: (sp=0x0000000014a0f320)
0x0000000014a0f320:   00000000c736fdf8 00000000c736fdec
0x0000000014a0f330:   0000000000000003 00000000051c9560
0x0000000014a0f340:   0000000000000000 00000000050f7dc0
0x0000000014a0f350:   00000000050f3280 0000000000000000
0x0000000014a0f360:   0000000000000097 000000006f118990
0x0000000014a0f370:   0000000017a414f8 0000000000000000
0x0000000014a0f380:   00000000051c9560 000000006f375c28
0x0000000014a0f390:   00000000c68fd2d8 000000006f11c8a8
0x0000000014a0f3a0:   000000006f53f860 0000000000000005
0x0000000014a0f3b0:   00000804000002bd 000000006ee34799
0x0000000014a0f3c0:   00000000c3dba36c 000000006ee34c46
0x0000000014a0f3d0:   00000000c68fd2d8 00000000050f3280
0x0000000014a0f3e0:   00000000050f7dd0 00000000050f7dc0
0x0000000014a0f3f0:   000000006f375c28 0000000000000000
0x0000000014a0f400:   000000001a208cd0 0000000000000000
0x0000000014a0f410:   00000000051c9560 000000006f11630f 

Instructions: (pc=0x000000006ee34bab)
0x000000006ee34b8b:   6f 00 84 d2 74 16 44 8b 43 08 8b 0d 0d ec 68 00
0x000000006ee34b9b:   49 d3 e0 4c 03 05 fb eb 68 00 eb 04 4c 8b 43 08
0x000000006ee34bab:   45 8b 48 08 45 85 c9 7e 0c 41 f6 c1 01 75 4b 41
0x000000006ee34bbb:   c1 f9 03 eb 57 79 43 84 d2 41 8b c9 b8 10 00 00 


Register to memory mapping:

RAX=0x0000000014b10000 is an unknown value
RBX=0x00000000c163fe60 is pointing into object: 0x00000000c163db58
[B 
 - klass: {type array byte}
 - length: 11703
RCX=0x0000000000000003 is an unknown value
RDX=0x0000000000000001 is an unknown value
RSP=0x0000000014a0f320 is an unknown value
RBP=0x00000000c736fdf0 is pointing into object: 0x00000000c736fdd8
com.android.dx.dex.code.CodeAddress 
 - klass: 'com/android/dx/dex/code/CodeAddress'
RSI=0x0000000000000003 is an unknown value
RDI=0x00000000051c9560 is an unknown value
R8 =0x00000007cde80038 is an unknown value
R9 =0x0000000000000003 is an unknown value
R10=0x000000000000000c is an unknown value
R11=0x0000000000000097 is an unknown value
R12=0x00000000c736fdf4 is pointing into object: 0x00000000c736fdd8
com.android.dx.dex.code.CodeAddress 
 - klass: 'com/android/dx/dex/code/CodeAddress'
R13=0x00000001000981e8 is pointing into metadata
R14=0x00000001000981f0 is pointing into metadata
R15=0x00000000c736fdd8 is an oop
com.android.dx.dex.code.CodeAddress 
 - klass: 'com/android/dx/dex/code/CodeAddress'


Stack: [0x0000000014910000,0x0000000014a10000],  sp=0x0000000014a0f320,  free space=1020k
Native frames: (J=compiled Java code, j=interpreted, Vv=VM code, C=native code)
V  [jvm.dll+0x114bab]
V  [jvm.dll+0x3f8990]
V  [jvm.dll+0x3f630f]
V  [jvm.dll+0x3f380e]
V  [jvm.dll+0x29cc4a]
C  [msvcr100.dll+0x21d9f]
C  [msvcr100.dll+0x21e3b]
C  [KERNEL32.DLL+0x11fe4]
C  [ntdll.dll+0x6f061]


---------------  P R O C E S S  ---------------

Java Threads: ( => current thread )
  0x0000000018f3a000 JavaThread "pool-2-thread-4" [_thread_blocked, id=12468, stack(0x0000000019a90000,0x0000000019b90000)]
  0x0000000018f39000 JavaThread "pool-2-thread-3" [_thread_blocked, id=12372, stack(0x0000000019990000,0x0000000019a90000)]
  0x0000000018f62000 JavaThread "pool-2-thread-2" [_thread_blocked, id=7340, stack(0x0000000019890000,0x0000000019990000)]
  0x0000000018f61800 JavaThread "pool-3-thread-1" [_thread_blocked, id=96, stack(0x0000000019790000,0x0000000019890000)]
  0x0000000018f60800 JavaThread "pool-2-thread-1" [_thread_blocked, id=13036, stack(0x0000000019690000,0x0000000019790000)]
  0x00000000176c4000 JavaThread "Service Thread" daemon [_thread_blocked, id=848, stack(0x0000000018890000,0x0000000018990000)]
  0x000000001766e800 JavaThread "C1 CompilerThread1" daemon [_thread_blocked, id=4860, stack(0x0000000018790000,0x0000000018890000)]
  0x000000001766a800 JavaThread "C2 CompilerThread0" daemon [_thread_blocked, id=7684, stack(0x0000000018690000,0x0000000018790000)]
  0x0000000017669000 JavaThread "Attach Listener" daemon [_thread_blocked, id=12824, stack(0x0000000018590000,0x0000000018690000)]
  0x0000000017665800 JavaThread "Signal Dispatcher" daemon [_thread_blocked, id=7116, stack(0x0000000018490000,0x0000000018590000)]
  0x0000000017658800 JavaThread "Finalizer" daemon [_thread_blocked, id=1888, stack(0x00000000182a0000,0x00000000183a0000)]
  0x00000000051cf000 JavaThread "Reference Handler" daemon [_thread_blocked, id=7292, stack(0x00000000181a0000,0x00000000182a0000)]
  0x00000000050de000 JavaThread "main" [_thread_blocked, id=6292, stack(0x0000000004fa0000,0x00000000050a0000)]

Other Threads:
  0x0000000017636000 VMThread [stack: 0x00000000180a0000,0x00000000181a0000] [id=12792]
  0x00000000176c6000 WatcherThread [stack: 0x0000000018990000,0x0000000018a90000] [id=1652]

=>0x00000000050f7800 (exited) GCTaskThread [stack: 0x0000000014910000,0x0000000014a10000] [id=192]

VM state:at safepoint (normal execution)

VM Mutex/Monitor currently owned by a thread:  ([mutex/lock_event])
[0x00000000050dcd70] Threads_lock - owner thread: 0x0000000017636000
[0x00000000050dc9f0] Heap_lock - owner thread: 0x0000000018f60800

Heap:
 PSYoungGen      total 227840K, used 60192K [0x00000000eab00000, 0x0000000100000000, 0x0000000100000000)
  eden space 146432K, 0% used [0x00000000eab00000,0x00000000eab00000,0x00000000f3a00000)
  from space 81408K, 73% used [0x00000000fb080000,0x00000000feb483b0,0x0000000100000000)
  to   space 101376K, 0% used [0x00000000f3a00000,0x00000000f3a00000,0x00000000f9d00000)
 ParOldGen       total 289280K, used 261515K [0x00000000c0000000, 0x00000000d1a80000, 0x00000000eab00000)
  object space 289280K, 90% used [0x00000000c0000000,0x00000000cff62df0,0x00000000d1a80000)
 Metaspace       used 6771K, capacity 7320K, committed 7680K, reserved 1056768K
  class space    used 643K, capacity 656K, committed 768K, reserved 1048576K

Card table byte_map: [0x00000000145a0000,0x00000000147b0000] byte_map_base: 0x0000000013fa0000

Marking Bits: (ParMarkBitMap*) 0x000000006f53f860
 Begin Bits: [0x0000000014b10000, 0x0000000015b10000)
 End Bits:   [0x0000000015b10000, 0x0000000016b10000)

Polling page: 0x0000000004f00000

CodeCache: size=245760Kb used=11322Kb max_used=13330Kb free=234437Kb
 bounds [0x00000000051e0000, 0x0000000005f00000, 0x00000000141e0000]
 total_blobs=2582 nmethods=2312 adapters=183
 compilation: enabled

Compilation events (10 events):
Event: 64.455 Thread 0x000000001766e800 nmethod 3065 0x00000000055a5450 code [0x00000000055a55e0, 0x00000000055a58f8]
Event: 64.455 Thread 0x000000001766e800 3066       3       com.android.dx.cf.code.Simulator$SimVisitor::visitNewarray (55 bytes)
Event: 64.456 Thread 0x000000001766e800 nmethod 3066 0x00000000055a4950 code [0x00000000055a4b00, 0x00000000055a51a8]
Event: 64.456 Thread 0x000000001766e800 3067       3       com.android.dx.cf.code.BaseMachine::auxInitValues (6 bytes)
Event: 64.456 Thread 0x000000001766e800 nmethod 3067 0x00000000055a4610 code [0x00000000055a4760, 0x00000000055a48d0]
Event: 64.497 Thread 0x000000001766e800 3068       3       com.android.dx.dex.file.EncodedField::hashCode (8 bytes)
Event: 64.498 Thread 0x000000001766e800 nmethod 3068 0x00000000053e77d0 code [0x00000000053e79a0, 0x00000000053e82a8]
Event: 64.499 Thread 0x000000001766a800 3069   !   4       java.util.concurrent.FutureTask::run (126 bytes)
Event: 64.500 Thread 0x000000001766e800 3070       3       com.android.dx.ssa.ConstCollector$1::compare (42 bytes)
Event: 64.501 Thread 0x000000001766e800 nmethod 3070 0x00000000053e6450 code [0x00000000053e6640, 0x00000000053e7378]

GC Heap History (10 events):
Event: 57.949 GC heap after
Heap after GC invocations=14 (full 2):
 PSYoungGen      total 258560K, used 28496K [0x00000000eab00000, 0x0000000100000000, 0x0000000100000000)
  eden space 194560K, 0% used [0x00000000eab00000,0x00000000eab00000,0x00000000f6900000)
  from space 64000K, 44% used [0x00000000fc180000,0x00000000fdd540d0,0x0000000100000000)
  to   space 77312K, 0% used [0x00000000f6900000,0x00000000f6900000,0x00000000fb480000)
 ParOldGen       total 289280K, used 168635K [0x00000000c0000000, 0x00000000d1a80000, 0x00000000eab00000)
  object space 289280K, 58% used [0x00000000c0000000,0x00000000ca4aee10,0x00000000d1a80000)
 Metaspace       used 6762K, capacity 7320K, committed 7680K, reserved 1056768K
  class space    used 643K, capacity 656K, committed 768K, reserved 1048576K
}
Event: 59.846 GC heap before
{Heap before GC invocations=15 (full 2):
 PSYoungGen      total 258560K, used 223056K [0x00000000eab00000, 0x0000000100000000, 0x0000000100000000)
  eden space 194560K, 100% used [0x00000000eab00000,0x00000000f6900000,0x00000000f6900000)
  from space 64000K, 44% used [0x00000000fc180000,0x00000000fdd540d0,0x0000000100000000)
  to   space 77312K, 0% used [0x00000000f6900000,0x00000000f6900000,0x00000000fb480000)
 ParOldGen       total 289280K, used 168635K [0x00000000c0000000, 0x00000000d1a80000, 0x00000000eab00000)
  object space 289280K, 58% used [0x00000000c0000000,0x00000000ca4aee10,0x00000000d1a80000)
 Metaspace       used 6763K, capacity 7320K, committed 7680K, reserved 1056768K
  class space    used 643K, capacity 656K, committed 768K, reserved 1048576K
Event: 60.765 GC heap after
Heap after GC invocations=15 (full 2):
 PSYoungGen      total 271872K, used 30424K [0x00000000eab00000, 0x0000000100000000, 0x0000000100000000)
  eden space 194560K, 0% used [0x00000000eab00000,0x00000000eab00000,0x00000000f6900000)
  from space 77312K, 39% used [0x00000000f6900000,0x00000000f86b6350,0x00000000fb480000)
  to   space 73216K, 0% used [0x00000000fb880000,0x00000000fb880000,0x0000000100000000)
 ParOldGen       total 289280K, used 195684K [0x00000000c0000000, 0x00000000d1a80000, 0x00000000eab00000)
  object space 289280K, 67% used [0x00000000c0000000,0x00000000cbf19088,0x00000000d1a80000)
 Metaspace       used 6763K, capacity 7320K, committed 7680K, reserved 1056768K
  class space    used 643K, capacity 656K, committed 768K, reserved 1048576K
}
Event: 62.020 GC heap before
{Heap before GC invocations=16 (full 2):
 PSYoungGen      total 271872K, used 224984K [0x00000000eab00000, 0x0000000100000000, 0x0000000100000000)
  eden space 194560K, 100% used [0x00000000eab00000,0x00000000f6900000,0x00000000f6900000)
  from space 77312K, 39% used [0x00000000f6900000,0x00000000f86b6350,0x00000000fb480000)
  to   space 73216K, 0% used [0x00000000fb880000,0x00000000fb880000,0x0000000100000000)
 ParOldGen       total 289280K, used 195684K [0x00000000c0000000, 0x00000000d1a80000, 0x00000000eab00000)
  object space 289280K, 67% used [0x00000000c0000000,0x00000000cbf19088,0x00000000d1a80000)
 Metaspace       used 6765K, capacity 7320K, committed 7680K, reserved 1056768K
  class space    used 643K, capacity 656K, committed 768K, reserved 1048576K
Event: 62.294 GC heap after
Heap after GC invocations=16 (full 2):
 PSYoungGen      total 259584K, used 64313K [0x00000000eab00000, 0x0000000100000000, 0x0000000100000000)
  eden space 186368K, 0% used [0x00000000eab00000,0x00000000eab00000,0x00000000f6100000)
  from space 73216K, 87% used [0x00000000fb880000,0x00000000ff74e6b8,0x0000000100000000)
  to   space 81408K, 0% used [0x00000000f6100000,0x00000000f6100000,0x00000000fb080000)
 ParOldGen       total 289280K, used 195684K [0x00000000c0000000, 0x00000000d1a80000, 0x00000000eab00000)
  object space 289280K, 67% used [0x00000000c0000000,0x00000000cbf19088,0x00000000d1a80000)
 Metaspace       used 6765K, capacity 7320K, committed 7680K, reserved 1056768K
  class space    used 643K, capacity 656K, committed 768K, reserved 1048576K
}
Event: 63.369 GC heap before
{Heap before GC invocations=17 (full 2):
 PSYoungGen      total 259584K, used 250681K [0x00000000eab00000, 0x0000000100000000, 0x0000000100000000)
  eden space 186368K, 100% used [0x00000000eab00000,0x00000000f6100000,0x00000000f6100000)
  from space 73216K, 87% used [0x00000000fb880000,0x00000000ff74e6b8,0x0000000100000000)
  to   space 81408K, 0% used [0x00000000f6100000,0x00000000f6100000,0x00000000fb080000)
 ParOldGen       total 289280K, used 195684K [0x00000000c0000000, 0x00000000d1a80000, 0x00000000eab00000)
  object space 289280K, 67% used [0x00000000c0000000,0x00000000cbf19088,0x00000000d1a80000)
 Metaspace       used 6766K, capacity 7320K, committed 7680K, reserved 1056768K
  class space    used 643K, capacity 656K, committed 768K, reserved 1048576K
Event: 63.745 GC heap after
Heap after GC invocations=17 (full 2):
 PSYoungGen      total 267776K, used 81399K [0x00000000eab00000, 0x0000000100000000, 0x0000000100000000)
  eden space 186368K, 0% used [0x00000000eab00000,0x00000000eab00000,0x00000000f6100000)
  from space 81408K, 99% used [0x00000000f6100000,0x00000000fb07de28,0x00000000fb080000)
  to   space 81408K, 0% used [0x00000000fb080000,0x00000000fb080000,0x0000000100000000)
 ParOldGen       total 289280K, used 208491K [0x00000000c0000000, 0x00000000d1a80000, 0x00000000eab00000)
  object space 289280K, 72% used [0x00000000c0000000,0x00000000ccb9ad68,0x00000000d1a80000)
 Metaspace       used 6766K, capacity 7320K, committed 7680K, reserved 1056768K
  class space    used 643K, capacity 656K, committed 768K, reserved 1048576K
}
Event: 64.505 GC heap before
{Heap before GC invocations=18 (full 2):
 PSYoungGen      total 267776K, used 267767K [0x00000000eab00000, 0x0000000100000000, 0x0000000100000000)
  eden space 186368K, 100% used [0x00000000eab00000,0x00000000f6100000,0x00000000f6100000)
  from space 81408K, 99% used [0x00000000f6100000,0x00000000fb07de28,0x00000000fb080000)
  to   space 81408K, 0% used [0x00000000fb080000,0x00000000fb080000,0x0000000100000000)
 ParOldGen       total 289280K, used 208491K [0x00000000c0000000, 0x00000000d1a80000, 0x00000000eab00000)
  object space 289280K, 72% used [0x00000000c0000000,0x00000000ccb9ad68,0x00000000d1a80000)
 Metaspace       used 6771K, capacity 7320K, committed 7680K, reserved 1056768K
  class space    used 643K, capacity 656K, committed 768K, reserved 1048576K
Event: 65.102 GC heap after
Heap after GC invocations=18 (full 2):
 PSYoungGen      total 227840K, used 60192K [0x00000000eab00000, 0x0000000100000000, 0x0000000100000000)
  eden space 146432K, 0% used [0x00000000eab00000,0x00000000eab00000,0x00000000f3a00000)
  from space 81408K, 73% used [0x00000000fb080000,0x00000000feb483b0,0x0000000100000000)
  to   space 101376K, 0% used [0x00000000f3a00000,0x00000000f3a00000,0x00000000f9d00000)
 ParOldGen       total 289280K, used 261515K [0x00000000c0000000, 0x00000000d1a80000, 0x00000000eab00000)
  object space 289280K, 90% used [0x00000000c0000000,0x00000000cff62df0,0x00000000d1a80000)
 Metaspace       used 6771K, capacity 7320K, committed 7680K, reserved 1056768K
  class space    used 643K, capacity 656K, committed 768K, reserved 1048576K
}
Event: 65.102 GC heap before
{Heap before GC invocations=19 (full 3):
 PSYoungGen      total 227840K, used 60192K [0x00000000eab00000, 0x0000000100000000, 0x0000000100000000)
  eden space 146432K, 0% used [0x00000000eab00000,0x00000000eab00000,0x00000000f3a00000)
  from space 81408K, 73% used [0x00000000fb080000,0x00000000feb483b0,0x0000000100000000)
  to   space 101376K, 0% used [0x00000000f3a00000,0x00000000f3a00000,0x00000000f9d00000)
 ParOldGen       total 289280K, used 261515K [0x00000000c0000000, 0x00000000d1a80000, 0x00000000eab00000)
  object space 289280K, 90% used [0x00000000c0000000,0x00000000cff62df0,0x00000000d1a80000)
 Metaspace       used 6771K, capacity 7320K, committed 7680K, reserved 1056768K
  class space    used 643K, capacity 656K, committed 768K, reserved 1048576K

Deoptimization events (10 events):
Event: 61.159 Thread 0x0000000018f60800 Uncommon trap: reason=bimorphic action=maybe_recompile pc=0x0000000005bc9470 method=com.android.dx.ssa.back.FirstFitLocalCombiningAllocator.findNextUnreservedRopReg(IILcom/android/dx/ssa/back/FirstFitLocalCombiningAllocator$Alignment;)I @ 60
Event: 61.814 Thread 0x0000000018f39000 Uncommon trap: reason=bimorphic action=maybe_recompile pc=0x00000000056d2870 method=com.android.dx.cf.code.BytecodeArray.parseInstruction(ILcom/android/dx/cf/code/BytecodeArray$Visitor;)I @ 1597
Event: 61.814 Thread 0x0000000018f39000 Uncommon trap: reason=bimorphic action=maybe_recompile pc=0x00000000056d2870 method=com.android.dx.cf.code.BytecodeArray.parseInstruction(ILcom/android/dx/cf/code/BytecodeArray$Visitor;)I @ 1597
Event: 62.724 Thread 0x0000000018f60800 Uncommon trap: reason=class_check action=maybe_recompile pc=0x0000000005355810 method=com.android.dx.ssa.SCCP.simulateBranch(Lcom/android/dx/ssa/SsaInsn;)V @ 145
Event: 62.724 Thread 0x0000000018f60800 Uncommon trap: reason=class_check action=maybe_recompile pc=0x0000000005355810 method=com.android.dx.ssa.SCCP.simulateBranch(Lcom/android/dx/ssa/SsaInsn;)V @ 145
Event: 63.772 Thread 0x0000000018f39000 Uncommon trap: reason=unstable_if action=reinterpret pc=0x0000000005de73b8 method=com.android.dx.cf.code.ConcreteMethod.<init>(Lcom/android/dx/cf/iface/Method;ILcom/android/dx/rop/cst/CstString;ZZ)V @ 14
Event: 64.051 Thread 0x0000000018f39000 Uncommon trap: reason=speculate_class_check action=maybe_recompile pc=0x00000000055db2ac method=com.android.dx.rop.cst.TypedConstant.getBasicType()I @ 1
Event: 64.292 Thread 0x0000000018f39000 Uncommon trap: reason=speculate_class_check action=maybe_recompile pc=0x00000000055db2ac method=com.android.dx.rop.cst.TypedConstant.getBasicType()I @ 1
Event: 64.292 Thread 0x0000000018f39000 Uncommon trap: reason=speculate_class_check action=maybe_recompile pc=0x00000000055db2ac method=com.android.dx.rop.cst.TypedConstant.getBasicType()I @ 1
Event: 64.338 Thread 0x0000000018f60800 Uncommon trap: reason=class_check action=maybe_recompile pc=0x0000000005ea3e04 method=java.util.HashMap$TreeNode.find(ILjava/lang/Object;Ljava/lang/Class;)Ljava/util/HashMap$TreeNode; @ 68

Classes redefined (0 events):
No events

Internal exceptions (10 events):
Event: 0.085 Thread 0x00000000050de000 Exception <a 'java/lang/NoSuchMethodError': Method sun.misc.Unsafe.prefetchRead(Ljava/lang/Object;J)V name or signature does not match> (0x00000000eab07f88) thrown at [C:\re\workspace\8-2-build-windows-amd64-cygwin\jdk8u161\10277\hotspot\src\share\vm\prim
Event: 1.399 Thread 0x0000000018f3a000 Implicit null exception at 0x000000000550c509 to 0x000000000550ec85
Event: 1.886 Thread 0x0000000018f39000 Implicit null exception at 0x00000000055b24e2 to 0x00000000055b25d2
Event: 3.134 Thread 0x00000000050de000 Exception <a 'java/lang/ArrayIndexOutOfBoundsException': 18> (0x00000000eb3626e8) thrown at [C:\re\workspace\8-2-build-windows-amd64-cygwin\jdk8u161\10277\hotspot\src\share\vm\interpreter\interpreterRuntime.cpp, line 366]
Event: 3.135 Thread 0x00000000050de000 Exception <a 'java/lang/ArrayIndexOutOfBoundsException': 145> (0x00000000eb364268) thrown at [C:\re\workspace\8-2-build-windows-amd64-cygwin\jdk8u161\10277\hotspot\src\share\vm\interpreter\interpreterRuntime.cpp, line 366]
Event: 3.135 Thread 0x00000000050de000 Exception <a 'java/lang/ArrayIndexOutOfBoundsException': 40> (0x00000000eb365550) thrown at [C:\re\workspace\8-2-build-windows-amd64-cygwin\jdk8u161\10277\hotspot\src\share\vm\interpreter\interpreterRuntime.cpp, line 366]
Event: 28.444 Thread 0x0000000018f39000 Implicit null exception at 0x0000000005d6bd7c to 0x0000000005d76549
Event: 34.917 Thread 0x00000000050de000 Implicit null exception at 0x00000000053476d4 to 0x000000000534808d
Event: 36.242 Thread 0x0000000018f39000 Implicit null exception at 0x00000000058b3f21 to 0x00000000058b5405
Event: 36.243 Thread 0x0000000018f39000 Implicit null exception at 0x00000000056af24c to 0x00000000056af4ad

Events (10 events):
Event: 64.292 Thread 0x0000000018f39000 Uncommon trap: trap_request=0xffffff76 fr.pc=0x00000000055db2ac
Event: 64.292 Thread 0x0000000018f39000 DEOPT PACKING pc=0x00000000055db2ac sp=0x0000000019a8e8c0
Event: 64.292 Thread 0x0000000018f39000 DEOPT UNPACKING pc=0x000000000522583b sp=0x0000000019a8e800 mode 2
Event: 64.292 Thread 0x0000000018f39000 Uncommon trap: trap_request=0xffffff76 fr.pc=0x00000000055db2ac
Event: 64.292 Thread 0x0000000018f39000 DEOPT PACKING pc=0x00000000055db2ac sp=0x0000000019a8e8c0
Event: 64.292 Thread 0x0000000018f39000 DEOPT UNPACKING pc=0x000000000522583b sp=0x0000000019a8e800 mode 2
Event: 64.338 Thread 0x0000000018f60800 Uncommon trap: trap_request=0xffffffde fr.pc=0x0000000005ea3e04
Event: 64.338 Thread 0x0000000018f60800 DEOPT PACKING pc=0x0000000005ea3e04 sp=0x000000001978e710
Event: 64.338 Thread 0x0000000018f60800 DEOPT UNPACKING pc=0x000000000522583b sp=0x000000001978e6e8 mode 2
Event: 64.505 Executing VM operation: ParallelGCFailedAllocation


Dynamic libraries:
0x00007ff6c6fe0000 - 0x00007ff6c7017000 	C:\Program Files\Java\jdk1.8.0_161\bin\java.exe
0x00007ffcd5e10000 - 0x00007ffcd5ff0000 	C:\WINDOWS\SYSTEM32\ntdll.dll
0x00007ffcd5160000 - 0x00007ffcd520e000 	C:\WINDOWS\System32\KERNEL32.DLL
0x00007ffcd2c00000 - 0x00007ffcd2e66000 	C:\WINDOWS\System32\KERNELBASE.dll
0x00007ffcd5290000 - 0x00007ffcd5331000 	C:\WINDOWS\System32\ADVAPI32.dll
0x00007ffcd32e0000 - 0x00007ffcd337d000 	C:\WINDOWS\System32\msvcrt.dll
0x00007ffcd36e0000 - 0x00007ffcd373b000 	C:\WINDOWS\System32\sechost.dll
0x00007ffcd34b0000 - 0x00007ffcd35cf000 	C:\WINDOWS\System32\RPCRT4.dll
0x00007ffcd4e10000 - 0x00007ffcd4f9f000 	C:\WINDOWS\System32\USER32.dll
0x00007ffcd2380000 - 0x00007ffcd23a0000 	C:\WINDOWS\System32\win32u.dll
0x00007ffcd5880000 - 0x00007ffcd58a8000 	C:\WINDOWS\System32\GDI32.dll
0x00007ffcd2e70000 - 0x00007ffcd3003000 	C:\WINDOWS\System32\gdi32full.dll
0x00007ffcd2210000 - 0x00007ffcd22ab000 	C:\WINDOWS\System32\msvcp_win.dll
0x00007ffcd31e0000 - 0x00007ffcd32d6000 	C:\WINDOWS\System32\ucrtbase.dll
0x00007ffcbce50000 - 0x00007ffcbd0b9000 	C:\WINDOWS\WinSxS\amd64_microsoft.windows.common-controls_6595b64144ccf1df_6.0.16299.371_none_15c7d1789365a290\COMCTL32.dll
0x00007ffcd53a0000 - 0x00007ffcd56a8000 	C:\WINDOWS\System32\combase.dll
0x00007ffcd2300000 - 0x00007ffcd2372000 	C:\WINDOWS\System32\bcryptPrimitives.dll
0x00007ffcd37e0000 - 0x00007ffcd380d000 	C:\WINDOWS\System32\IMM32.DLL
0x000000006e890000 - 0x000000006e962000 	C:\Program Files\Java\jdk1.8.0_161\jre\bin\msvcr100.dll
0x000000006ed20000 - 0x000000006f5bf000 	C:\Program Files\Java\jdk1.8.0_161\jre\bin\server\jvm.dll
0x00007ffcd5dd0000 - 0x00007ffcd5dd8000 	C:\WINDOWS\System32\PSAPI.DLL
0x00007ffcc1a80000 - 0x00007ffcc1a89000 	C:\WINDOWS\SYSTEM32\WSOCK32.dll
0x00007ffcd02d0000 - 0x00007ffcd02f3000 	C:\WINDOWS\SYSTEM32\WINMM.dll
0x00007ffcd3430000 - 0x00007ffcd349c000 	C:\WINDOWS\System32\WS2_32.dll
0x00007ffcc8240000 - 0x00007ffcc824a000 	C:\WINDOWS\SYSTEM32\VERSION.dll
0x00007ffcd0270000 - 0x00007ffcd029a000 	C:\WINDOWS\SYSTEM32\winmmbase.dll
0x00007ffcd22b0000 - 0x00007ffcd22fa000 	C:\WINDOWS\System32\cfgmgr32.dll
0x000000006ed10000 - 0x000000006ed1f000 	C:\Program Files\Java\jdk1.8.0_161\jre\bin\verify.dll
0x000000006ece0000 - 0x000000006ed09000 	C:\Program Files\Java\jdk1.8.0_161\jre\bin\java.dll
0x000000006ecc0000 - 0x000000006ecd6000 	C:\Program Files\Java\jdk1.8.0_161\jre\bin\zip.dll
0x00007ffcd3810000 - 0x00007ffcd4c46000 	C:\WINDOWS\System32\SHELL32.dll
0x00007ffcd3380000 - 0x00007ffcd3426000 	C:\WINDOWS\System32\shcore.dll
0x00007ffcd24b0000 - 0x00007ffcd2bf7000 	C:\WINDOWS\System32\windows.storage.dll
0x00007ffcd5340000 - 0x00007ffcd5391000 	C:\WINDOWS\System32\shlwapi.dll
0x00007ffcd21f0000 - 0x00007ffcd2201000 	C:\WINDOWS\System32\kernel.appcore.dll
0x00007ffcd2160000 - 0x00007ffcd21ac000 	C:\WINDOWS\System32\powrprof.dll
0x00007ffcd21d0000 - 0x00007ffcd21eb000 	C:\WINDOWS\System32\profapi.dll
0x00007ffcc6e80000 - 0x00007ffcc7048000 	C:\WINDOWS\SYSTEM32\dbghelp.dll

VM Arguments:
jvm_args: -Djava.awt.headless=true -Xmx1024M -Dfile.encoding=windows-1252 -Duser.country=US -Duser.language=en -Duser.variant 
java_command: com.android.dx.command.Main --dex --num-threads=4 --multi-dex --main-dex-list E:\fss\PNS_0322\mobiletrading-android\MobileTrading\build\intermediates\multi-dex\systemTest\release\maindexlist.txt --output E:\fss\PNS_0322\mobiletrading-android\MobileTrading\build\intermediates\transforms\dex\systemTest\release\folders\1000\1f\main E:\fss\PNS_0322\mobiletrading-android\MobileTrading\build\intermediates\transforms\jarMerging\systemTest\release\jars\1\1f\combined.jar
java_class_path (initial): C:\Users\User\AppData\Local\Android\sdk\build-tools\23.0.3\lib\dx.jar
Launcher Type: SUN_STANDARD

Environment Variables:
PATH=D:\app\User\product\11.2.0\dbhome_1\bin;D:\app\User\product\11.2.0\client_1;C:\ProgramData\Oracle\Java\javapath;C:\WINDOWS\system32;C:\WINDOWS;C:\WINDOWS\System32\Wbem;C:\WINDOWS\System32\WindowsPowerShell\v1.0\;C:\Program Files\TortoiseSVN\bin;C:\Program Files\Microsoft\Web Platform Installer\;C:\Program Files (x86)\Microsoft ASP.NET\ASP.NET Web Pages\v1.0\;C:\Program Files (x86)\Windows Kits\8.0\Windows Performance Toolkit\;C:\Program Files\Microsoft SQL Server\110\Tools\Binn\;C:\Users\User\AppData\Local\Microsoft\WindowsApps;
USERNAME=User
OS=Windows_NT
PROCESSOR_IDENTIFIER=Intel64 Family 6 Model 60 Stepping 3, GenuineIntel



---------------  S Y S T E M  ---------------

OS: Windows 10.0 , 64 bit Build 16299 (10.0.16299.15)

CPU:total 2 (initial active 2) (2 cores per cpu, 1 threads per core) family 6 model 60 stepping 3, cmov, cx8, fxsr, mmx, sse, sse2, sse3, ssse3, sse4.1, sse4.2, popcnt, clmul, erms, lzcnt, tsc, tscinvbit

Memory: 4k page, physical 8256664k(1369284k free), swap 11402392k(2853196k free)

vm_info: Java HotSpot(TM) 64-Bit Server VM (25.161-b12) for windows-amd64 JRE (1.8.0_161-b12), built on Dec 19 2017 17:52:25 by "java_re" with MS VC++ 10.0 (VS2010)

time: Tue May 08 08:58:39 2018
elapsed time: 66 seconds (0d 0h 1m 6s)

